<?xml version="1.0" encoding="UTF-8"?>
<!-- Generated by org.testng.reporters.JUnitReportReporter -->
<testsuite hostname="LAPTOP-E5OI64FJ" failures="0" tests="1" name="Execution.GitDemo2" time="0.009" errors="0" timestamp="2025-06-06T14:05:39 IST" skipped="0">
  <testcase classname="Execution.GitDemo2" name="getData" time="0.009"/>
</testsuite> <!-- Execution.GitDemo2 -->
