<?xml version="1.0" encoding="UTF-8"?>
<!-- Generated by org.testng.reporters.JUnitReportReporter -->
<testsuite hostname="LAPTOP-E5OI64FJ" failures="0" tests="2" name="Execution.GitDemo1" time="0.017" errors="0" timestamp="2025-06-04T16:28:26 IST" skipped="0">
  <testcase classname="Execution.GitDemo1" name="getDataGit" time="0.012"/>
  <testcase classname="Execution.GitDemo1" name="getPrintData" time="0.005"/>
</testsuite> <!-- Execution.GitDemo1 -->
