<?xml version="1.0" encoding="UTF-8"?>
<!-- Generated by org.testng.reporters.JUnitReportReporter -->
<testsuite hostname="LAPTOP-E5OI64FJ" failures="0" tests="1" name="Execution.GitDevelopDemo" time="0.018" errors="0" timestamp="2025-06-09T11:01:26 IST" skipped="0">
  <testcase classname="Execution.GitDevelopDemo" name="architechChange2" time="0.018"/>
</testsuite> <!-- Execution.GitDevelopDemo -->
