<?xml version="1.0" encoding="UTF-8"?>
<!-- Generated by org.testng.reporters.JUnitReportReporter -->
<testsuite hostname="LAPTOP-E5OI64FJ" failures="0" tests="2" name="Execution.GitDevelopDemo2" time="0.016" errors="0" timestamp="2025-06-09T11:32:17 IST" skipped="0">
  <testcase classname="Execution.GitDevelopDemo2" name="MobileTesting" time="0.014"/>
  <testcase classname="Execution.GitDevelopDemo2" name="RestAssured" time="0.002"/>
</testsuite> <!-- Execution.GitDevelopDemo2 -->
